   1              		.cpu cortex-m4
   2              		.eabi_attribute 27, 1
   3              		.eabi_attribute 20, 1
   4              		.eabi_attribute 21, 1
   5              		.eabi_attribute 23, 3
   6              		.eabi_attribute 24, 1
   7              		.eabi_attribute 25, 1
   8              		.eabi_attribute 26, 1
   9              		.eabi_attribute 30, 6
  10              		.eabi_attribute 34, 1
  11              		.eabi_attribute 18, 4
  12              		.file	"xmc4_gpio.c"
  13              		.text
  14              	.Ltext0:
  15              		.cfi_sections	.debug_frame
  16              		.section	.text.XMC_GPIO_Init,"ax",%progbits
  17              		.align	1
  18              		.global	XMC_GPIO_Init
  19              		.syntax unified
  20              		.thumb
  21              		.thumb_func
  22              		.fpu fpv4-sp-d16
  24              	XMC_GPIO_Init:
  25              	.LFB138:
  26              		.file 1 "/opt/XMClib/XMC_Peripheral_Library_v2.1.16/XMCLib/src/xmc4_gpio.c"
   1:/opt/XMClib/XMC_Peripheral_Library_v2.1.16/XMCLib/src/xmc4_gpio.c **** /**
   2:/opt/XMClib/XMC_Peripheral_Library_v2.1.16/XMCLib/src/xmc4_gpio.c ****  * @file xmc4_gpio.c
   3:/opt/XMClib/XMC_Peripheral_Library_v2.1.16/XMCLib/src/xmc4_gpio.c ****  * @date 2015-06-20
   4:/opt/XMClib/XMC_Peripheral_Library_v2.1.16/XMCLib/src/xmc4_gpio.c ****  *
   5:/opt/XMClib/XMC_Peripheral_Library_v2.1.16/XMCLib/src/xmc4_gpio.c ****  * @cond
   6:/opt/XMClib/XMC_Peripheral_Library_v2.1.16/XMCLib/src/xmc4_gpio.c ****  **************************************************************************************************
   7:/opt/XMClib/XMC_Peripheral_Library_v2.1.16/XMCLib/src/xmc4_gpio.c ****  * XMClib v2.1.16 - XMC Peripheral Driver Library 
   8:/opt/XMClib/XMC_Peripheral_Library_v2.1.16/XMCLib/src/xmc4_gpio.c ****  *
   9:/opt/XMClib/XMC_Peripheral_Library_v2.1.16/XMCLib/src/xmc4_gpio.c ****  * Copyright (c) 2015-2017, Infineon Technologies AG
  10:/opt/XMClib/XMC_Peripheral_Library_v2.1.16/XMCLib/src/xmc4_gpio.c ****  * All rights reserved.                        
  11:/opt/XMClib/XMC_Peripheral_Library_v2.1.16/XMCLib/src/xmc4_gpio.c ****  *                                             
  12:/opt/XMClib/XMC_Peripheral_Library_v2.1.16/XMCLib/src/xmc4_gpio.c ****  * Redistribution and use in source and binary forms, with or without modification,are permitted pr
  13:/opt/XMClib/XMC_Peripheral_Library_v2.1.16/XMCLib/src/xmc4_gpio.c ****  * following conditions are met:   
  14:/opt/XMClib/XMC_Peripheral_Library_v2.1.16/XMCLib/src/xmc4_gpio.c ****  *                                                                              
  15:/opt/XMClib/XMC_Peripheral_Library_v2.1.16/XMCLib/src/xmc4_gpio.c ****  * Redistributions of source code must retain the above copyright notice, this list of conditions a
  16:/opt/XMClib/XMC_Peripheral_Library_v2.1.16/XMCLib/src/xmc4_gpio.c ****  * disclaimer.                        
  17:/opt/XMClib/XMC_Peripheral_Library_v2.1.16/XMCLib/src/xmc4_gpio.c ****  * 
  18:/opt/XMClib/XMC_Peripheral_Library_v2.1.16/XMCLib/src/xmc4_gpio.c ****  * Redistributions in binary form must reproduce the above copyright notice, this list of condition
  19:/opt/XMClib/XMC_Peripheral_Library_v2.1.16/XMCLib/src/xmc4_gpio.c ****  * disclaimer in the documentation and/or other materials provided with the distribution.          
  20:/opt/XMClib/XMC_Peripheral_Library_v2.1.16/XMCLib/src/xmc4_gpio.c ****  * 
  21:/opt/XMClib/XMC_Peripheral_Library_v2.1.16/XMCLib/src/xmc4_gpio.c ****  * Neither the name of the copyright holders nor the names of its contributors may be used to endor
  22:/opt/XMClib/XMC_Peripheral_Library_v2.1.16/XMCLib/src/xmc4_gpio.c ****  * products derived from this software without specific prior written permission.                  
  23:/opt/XMClib/XMC_Peripheral_Library_v2.1.16/XMCLib/src/xmc4_gpio.c ****  *                                                                              
  24:/opt/XMClib/XMC_Peripheral_Library_v2.1.16/XMCLib/src/xmc4_gpio.c ****  * THIS SOFTWARE IS PROVIDED BY THE COPYRIGHT HOLDERS AND CONTRIBUTORS "AS IS" AND ANY EXPRESS OR I
  25:/opt/XMClib/XMC_Peripheral_Library_v2.1.16/XMCLib/src/xmc4_gpio.c ****  * INCLUDING, BUT NOT LIMITED TO, THE IMPLIED WARRANTIES OF MERCHANTABILITY AND FITNESS FOR A PARTI
  26:/opt/XMClib/XMC_Peripheral_Library_v2.1.16/XMCLib/src/xmc4_gpio.c ****  * DISCLAIMED. IN NO EVENT SHALL THE COPYRIGHT HOLDER OR CONTRIBUTORS BE LIABLE  FOR ANY DIRECT, IN
  27:/opt/XMClib/XMC_Peripheral_Library_v2.1.16/XMCLib/src/xmc4_gpio.c ****  * SPECIAL, EXEMPLARY, OR CONSEQUENTIAL DAMAGES (INCLUDING, BUT NOT LIMITED TO, PROCUREMENT OF SUBS
  28:/opt/XMClib/XMC_Peripheral_Library_v2.1.16/XMCLib/src/xmc4_gpio.c ****  * SERVICES; LOSS OF USE, DATA, OR PROFITS; OR BUSINESS INTERRUPTION) HOWEVER CAUSED AND ON ANY THE
  29:/opt/XMClib/XMC_Peripheral_Library_v2.1.16/XMCLib/src/xmc4_gpio.c ****  * WHETHER IN CONTRACT, STRICT LIABILITY,OR TORT (INCLUDING NEGLIGENCE OR OTHERWISE) ARISING IN ANY
  30:/opt/XMClib/XMC_Peripheral_Library_v2.1.16/XMCLib/src/xmc4_gpio.c ****  * OF THIS SOFTWARE, EVEN IF ADVISED OF THE POSSIBILITY OF SUCH DAMAGE.                            
  31:/opt/XMClib/XMC_Peripheral_Library_v2.1.16/XMCLib/src/xmc4_gpio.c ****  *                                                                              
  32:/opt/XMClib/XMC_Peripheral_Library_v2.1.16/XMCLib/src/xmc4_gpio.c ****  * To improve the quality of the software, users are encouraged to share modifications, enhancement
  33:/opt/XMClib/XMC_Peripheral_Library_v2.1.16/XMCLib/src/xmc4_gpio.c ****  * Infineon Technologies AG dave@infineon.com).                                                    
  34:/opt/XMClib/XMC_Peripheral_Library_v2.1.16/XMCLib/src/xmc4_gpio.c ****  **************************************************************************************************
  35:/opt/XMClib/XMC_Peripheral_Library_v2.1.16/XMCLib/src/xmc4_gpio.c ****  *
  36:/opt/XMClib/XMC_Peripheral_Library_v2.1.16/XMCLib/src/xmc4_gpio.c ****  * Change History
  37:/opt/XMClib/XMC_Peripheral_Library_v2.1.16/XMCLib/src/xmc4_gpio.c ****  * --------------
  38:/opt/XMClib/XMC_Peripheral_Library_v2.1.16/XMCLib/src/xmc4_gpio.c ****  *
  39:/opt/XMClib/XMC_Peripheral_Library_v2.1.16/XMCLib/src/xmc4_gpio.c ****  * 2015-02-20:
  40:/opt/XMClib/XMC_Peripheral_Library_v2.1.16/XMCLib/src/xmc4_gpio.c ****  *     - Initial draft <br>
  41:/opt/XMClib/XMC_Peripheral_Library_v2.1.16/XMCLib/src/xmc4_gpio.c ****  *      
  42:/opt/XMClib/XMC_Peripheral_Library_v2.1.16/XMCLib/src/xmc4_gpio.c ****  * 2015-06-20:
  43:/opt/XMClib/XMC_Peripheral_Library_v2.1.16/XMCLib/src/xmc4_gpio.c ****  *     - Removed version macros and declaration of GetDriverVersion API
  44:/opt/XMClib/XMC_Peripheral_Library_v2.1.16/XMCLib/src/xmc4_gpio.c ****  *
  45:/opt/XMClib/XMC_Peripheral_Library_v2.1.16/XMCLib/src/xmc4_gpio.c ****  * @endcond
  46:/opt/XMClib/XMC_Peripheral_Library_v2.1.16/XMCLib/src/xmc4_gpio.c ****  *
  47:/opt/XMClib/XMC_Peripheral_Library_v2.1.16/XMCLib/src/xmc4_gpio.c ****  */
  48:/opt/XMClib/XMC_Peripheral_Library_v2.1.16/XMCLib/src/xmc4_gpio.c **** 
  49:/opt/XMClib/XMC_Peripheral_Library_v2.1.16/XMCLib/src/xmc4_gpio.c **** #include "xmc_gpio.h"
  50:/opt/XMClib/XMC_Peripheral_Library_v2.1.16/XMCLib/src/xmc4_gpio.c **** 
  51:/opt/XMClib/XMC_Peripheral_Library_v2.1.16/XMCLib/src/xmc4_gpio.c **** #if UC_FAMILY == XMC4
  52:/opt/XMClib/XMC_Peripheral_Library_v2.1.16/XMCLib/src/xmc4_gpio.c **** 
  53:/opt/XMClib/XMC_Peripheral_Library_v2.1.16/XMCLib/src/xmc4_gpio.c **** /*******************************************************************************
  54:/opt/XMClib/XMC_Peripheral_Library_v2.1.16/XMCLib/src/xmc4_gpio.c ****  * MACROS
  55:/opt/XMClib/XMC_Peripheral_Library_v2.1.16/XMCLib/src/xmc4_gpio.c ****  *******************************************************************************/
  56:/opt/XMClib/XMC_Peripheral_Library_v2.1.16/XMCLib/src/xmc4_gpio.c **** 
  57:/opt/XMClib/XMC_Peripheral_Library_v2.1.16/XMCLib/src/xmc4_gpio.c **** #define PORT_PDR_Msk              PORT0_PDR0_PD0_Msk
  58:/opt/XMClib/XMC_Peripheral_Library_v2.1.16/XMCLib/src/xmc4_gpio.c **** #define PORT_PDR_Size             (4U)
  59:/opt/XMClib/XMC_Peripheral_Library_v2.1.16/XMCLib/src/xmc4_gpio.c **** #define PORT_HWSEL_Msk            PORT0_HWSEL_HW0_Msk
  60:/opt/XMClib/XMC_Peripheral_Library_v2.1.16/XMCLib/src/xmc4_gpio.c **** 
  61:/opt/XMClib/XMC_Peripheral_Library_v2.1.16/XMCLib/src/xmc4_gpio.c **** /*******************************************************************************
  62:/opt/XMClib/XMC_Peripheral_Library_v2.1.16/XMCLib/src/xmc4_gpio.c ****  * API IMPLEMENTATION
  63:/opt/XMClib/XMC_Peripheral_Library_v2.1.16/XMCLib/src/xmc4_gpio.c ****  *******************************************************************************/
  64:/opt/XMClib/XMC_Peripheral_Library_v2.1.16/XMCLib/src/xmc4_gpio.c **** 
  65:/opt/XMClib/XMC_Peripheral_Library_v2.1.16/XMCLib/src/xmc4_gpio.c **** void XMC_GPIO_Init(XMC_GPIO_PORT_t *const port, const uint8_t pin, const XMC_GPIO_CONFIG_t *const c
  66:/opt/XMClib/XMC_Peripheral_Library_v2.1.16/XMCLib/src/xmc4_gpio.c **** {
  27              		.loc 1 66 0
  28              		.cfi_startproc
  29              		@ args = 0, pretend = 0, frame = 16
  30              		@ frame_needed = 1, uses_anonymous_args = 0
  31              		@ link register save eliminated.
  32 0000 80B4     		push	{r7}
  33              	.LCFI0:
  34              		.cfi_def_cfa_offset 4
  35              		.cfi_offset 7, -4
  36 0002 85B0     		sub	sp, sp, #20
  37              	.LCFI1:
  38              		.cfi_def_cfa_offset 24
  39 0004 00AF     		add	r7, sp, #0
  40              	.LCFI2:
  41              		.cfi_def_cfa_register 7
  42 0006 F860     		str	r0, [r7, #12]
  43 0008 0B46     		mov	r3, r1
  44 000a 7A60     		str	r2, [r7, #4]
  45 000c FB72     		strb	r3, [r7, #11]
  67:/opt/XMClib/XMC_Peripheral_Library_v2.1.16/XMCLib/src/xmc4_gpio.c ****   XMC_ASSERT("XMC_GPIO_Init: Invalid port", XMC_GPIO_CHECK_PORT(port));
  68:/opt/XMClib/XMC_Peripheral_Library_v2.1.16/XMCLib/src/xmc4_gpio.c ****   XMC_ASSERT("XMC_GPIO_Init: Invalid mode", XMC_GPIO_IsModeValid(config->mode));
  69:/opt/XMClib/XMC_Peripheral_Library_v2.1.16/XMCLib/src/xmc4_gpio.c ****  
  70:/opt/XMClib/XMC_Peripheral_Library_v2.1.16/XMCLib/src/xmc4_gpio.c ****   /* Switch to input */
  71:/opt/XMClib/XMC_Peripheral_Library_v2.1.16/XMCLib/src/xmc4_gpio.c ****   port->IOCR[pin >> 2U] &= (uint32_t)~(PORT_IOCR_PC_Msk << (PORT_IOCR_PC_Size * (pin & 0x3U)));
  46              		.loc 1 71 0
  47 000e FB7A     		ldrb	r3, [r7, #11]	@ zero_extendqisi2
  48 0010 9B08     		lsrs	r3, r3, #2
  49 0012 DBB2     		uxtb	r3, r3
  50 0014 1846     		mov	r0, r3
  51 0016 FB7A     		ldrb	r3, [r7, #11]	@ zero_extendqisi2
  52 0018 9B08     		lsrs	r3, r3, #2
  53 001a DBB2     		uxtb	r3, r3
  54 001c 1A46     		mov	r2, r3
  55 001e FB68     		ldr	r3, [r7, #12]
  56 0020 0432     		adds	r2, r2, #4
  57 0022 53F82220 		ldr	r2, [r3, r2, lsl #2]
  58 0026 FB7A     		ldrb	r3, [r7, #11]	@ zero_extendqisi2
  59 0028 03F00303 		and	r3, r3, #3
  60 002c DB00     		lsls	r3, r3, #3
  61 002e F821     		movs	r1, #248
  62 0030 01FA03F3 		lsl	r3, r1, r3
  63 0034 DB43     		mvns	r3, r3
  64 0036 02EA0301 		and	r1, r2, r3
  65 003a FB68     		ldr	r3, [r7, #12]
  66 003c 021D     		adds	r2, r0, #4
  67 003e 43F82210 		str	r1, [r3, r2, lsl #2]
  72:/opt/XMClib/XMC_Peripheral_Library_v2.1.16/XMCLib/src/xmc4_gpio.c **** 
  73:/opt/XMClib/XMC_Peripheral_Library_v2.1.16/XMCLib/src/xmc4_gpio.c ****   /* HW port control is disabled */
  74:/opt/XMClib/XMC_Peripheral_Library_v2.1.16/XMCLib/src/xmc4_gpio.c ****   port->HWSEL &= ~(uint32_t)((uint32_t)PORT_HWSEL_Msk << ((uint32_t)pin << 1U));
  68              		.loc 1 74 0
  69 0042 FB68     		ldr	r3, [r7, #12]
  70 0044 5A6F     		ldr	r2, [r3, #116]
  71 0046 FB7A     		ldrb	r3, [r7, #11]	@ zero_extendqisi2
  72 0048 5B00     		lsls	r3, r3, #1
  73 004a 0321     		movs	r1, #3
  74 004c 01FA03F3 		lsl	r3, r1, r3
  75 0050 DB43     		mvns	r3, r3
  76 0052 1A40     		ands	r2, r2, r3
  77 0054 FB68     		ldr	r3, [r7, #12]
  78 0056 5A67     		str	r2, [r3, #116]
  75:/opt/XMClib/XMC_Peripheral_Library_v2.1.16/XMCLib/src/xmc4_gpio.c **** 
  76:/opt/XMClib/XMC_Peripheral_Library_v2.1.16/XMCLib/src/xmc4_gpio.c **** 
  77:/opt/XMClib/XMC_Peripheral_Library_v2.1.16/XMCLib/src/xmc4_gpio.c ****   /* Enable digital input */
  78:/opt/XMClib/XMC_Peripheral_Library_v2.1.16/XMCLib/src/xmc4_gpio.c ****   if (XMC_GPIO_CHECK_ANALOG_PORT(port))
  79              		.loc 1 78 0
  80 0058 FB68     		ldr	r3, [r7, #12]
  81 005a 384A     		ldr	r2, .L5
  82 005c 9342     		cmp	r3, r2
  83 005e 03D0     		beq	.L2
  84              		.loc 1 78 0 is_stmt 0 discriminator 1
  85 0060 FB68     		ldr	r3, [r7, #12]
  86 0062 374A     		ldr	r2, .L5+4
  87 0064 9342     		cmp	r3, r2
  88 0066 0AD1     		bne	.L3
  89              	.L2:
  79:/opt/XMClib/XMC_Peripheral_Library_v2.1.16/XMCLib/src/xmc4_gpio.c ****   {
  80:/opt/XMClib/XMC_Peripheral_Library_v2.1.16/XMCLib/src/xmc4_gpio.c ****     port->PDISC &= ~(uint32_t)((uint32_t)0x1U << pin);
  90              		.loc 1 80 0 is_stmt 1
  91 0068 FB68     		ldr	r3, [r7, #12]
  92 006a 1A6E     		ldr	r2, [r3, #96]
  93 006c FB7A     		ldrb	r3, [r7, #11]	@ zero_extendqisi2
  94 006e 0121     		movs	r1, #1
  95 0070 01FA03F3 		lsl	r3, r1, r3
  96 0074 DB43     		mvns	r3, r3
  97 0076 1A40     		ands	r2, r2, r3
  98 0078 FB68     		ldr	r3, [r7, #12]
  99 007a 1A66     		str	r2, [r3, #96]
 100 007c 3CE0     		b	.L4
 101              	.L3:
  81:/opt/XMClib/XMC_Peripheral_Library_v2.1.16/XMCLib/src/xmc4_gpio.c ****   }
  82:/opt/XMClib/XMC_Peripheral_Library_v2.1.16/XMCLib/src/xmc4_gpio.c ****   else
  83:/opt/XMClib/XMC_Peripheral_Library_v2.1.16/XMCLib/src/xmc4_gpio.c ****   {
  84:/opt/XMClib/XMC_Peripheral_Library_v2.1.16/XMCLib/src/xmc4_gpio.c ****     /* Set output level */
  85:/opt/XMClib/XMC_Peripheral_Library_v2.1.16/XMCLib/src/xmc4_gpio.c ****     port->OMR = (uint32_t)config->output_level << pin;
 102              		.loc 1 85 0
 103 007e 7B68     		ldr	r3, [r7, #4]
 104 0080 5A68     		ldr	r2, [r3, #4]
 105 0082 FB7A     		ldrb	r3, [r7, #11]	@ zero_extendqisi2
 106 0084 9A40     		lsls	r2, r2, r3
 107 0086 FB68     		ldr	r3, [r7, #12]
 108 0088 5A60     		str	r2, [r3, #4]
  86:/opt/XMClib/XMC_Peripheral_Library_v2.1.16/XMCLib/src/xmc4_gpio.c **** 
  87:/opt/XMClib/XMC_Peripheral_Library_v2.1.16/XMCLib/src/xmc4_gpio.c ****     /* Set output driver strength */
  88:/opt/XMClib/XMC_Peripheral_Library_v2.1.16/XMCLib/src/xmc4_gpio.c ****     port->PDR[pin >> 3U] &= (uint32_t)~(PORT_PDR_Msk << ((uint32_t)PORT_PDR_Size * ((uint32_t)pin &
 109              		.loc 1 88 0
 110 008a FB7A     		ldrb	r3, [r7, #11]	@ zero_extendqisi2
 111 008c DB08     		lsrs	r3, r3, #3
 112 008e DBB2     		uxtb	r3, r3
 113 0090 1846     		mov	r0, r3
 114 0092 FB7A     		ldrb	r3, [r7, #11]	@ zero_extendqisi2
 115 0094 DB08     		lsrs	r3, r3, #3
 116 0096 DBB2     		uxtb	r3, r3
 117 0098 1A46     		mov	r2, r3
 118 009a FB68     		ldr	r3, [r7, #12]
 119 009c 1032     		adds	r2, r2, #16
 120 009e 53F82220 		ldr	r2, [r3, r2, lsl #2]
 121 00a2 FB7A     		ldrb	r3, [r7, #11]	@ zero_extendqisi2
 122 00a4 03F00703 		and	r3, r3, #7
 123 00a8 9B00     		lsls	r3, r3, #2
 124 00aa 0721     		movs	r1, #7
 125 00ac 01FA03F3 		lsl	r3, r1, r3
 126 00b0 DB43     		mvns	r3, r3
 127 00b2 02EA0301 		and	r1, r2, r3
 128 00b6 FB68     		ldr	r3, [r7, #12]
 129 00b8 00F11002 		add	r2, r0, #16
 130 00bc 43F82210 		str	r1, [r3, r2, lsl #2]
  89:/opt/XMClib/XMC_Peripheral_Library_v2.1.16/XMCLib/src/xmc4_gpio.c ****     port->PDR[pin >> 3U] |= (uint32_t)config->output_strength << ((uint32_t)PORT_PDR_Size * ((uint3
 131              		.loc 1 89 0
 132 00c0 FB7A     		ldrb	r3, [r7, #11]	@ zero_extendqisi2
 133 00c2 DB08     		lsrs	r3, r3, #3
 134 00c4 DBB2     		uxtb	r3, r3
 135 00c6 1846     		mov	r0, r3
 136 00c8 FB7A     		ldrb	r3, [r7, #11]	@ zero_extendqisi2
 137 00ca DB08     		lsrs	r3, r3, #3
 138 00cc DBB2     		uxtb	r3, r3
 139 00ce 1A46     		mov	r2, r3
 140 00d0 FB68     		ldr	r3, [r7, #12]
 141 00d2 1032     		adds	r2, r2, #16
 142 00d4 53F82220 		ldr	r2, [r3, r2, lsl #2]
 143 00d8 7B68     		ldr	r3, [r7, #4]
 144 00da 1B7A     		ldrb	r3, [r3, #8]	@ zero_extendqisi2
 145 00dc 1946     		mov	r1, r3
 146 00de FB7A     		ldrb	r3, [r7, #11]	@ zero_extendqisi2
 147 00e0 03F00703 		and	r3, r3, #7
 148 00e4 9B00     		lsls	r3, r3, #2
 149 00e6 01FA03F3 		lsl	r3, r1, r3
 150 00ea 42EA0301 		orr	r1, r2, r3
 151 00ee FB68     		ldr	r3, [r7, #12]
 152 00f0 00F11002 		add	r2, r0, #16
 153 00f4 43F82210 		str	r1, [r3, r2, lsl #2]
 154              	.L4:
  90:/opt/XMClib/XMC_Peripheral_Library_v2.1.16/XMCLib/src/xmc4_gpio.c ****   }
  91:/opt/XMClib/XMC_Peripheral_Library_v2.1.16/XMCLib/src/xmc4_gpio.c **** 
  92:/opt/XMClib/XMC_Peripheral_Library_v2.1.16/XMCLib/src/xmc4_gpio.c ****   /* Set mode */
  93:/opt/XMClib/XMC_Peripheral_Library_v2.1.16/XMCLib/src/xmc4_gpio.c ****   port->IOCR[pin >> 2U] |= (uint32_t)config->mode << ((uint32_t)PORT_IOCR_PC_Size * ((uint32_t)pin 
 155              		.loc 1 93 0
 156 00f8 FB7A     		ldrb	r3, [r7, #11]	@ zero_extendqisi2
 157 00fa 9B08     		lsrs	r3, r3, #2
 158 00fc DBB2     		uxtb	r3, r3
 159 00fe 1846     		mov	r0, r3
 160 0100 FB7A     		ldrb	r3, [r7, #11]	@ zero_extendqisi2
 161 0102 9B08     		lsrs	r3, r3, #2
 162 0104 DBB2     		uxtb	r3, r3
 163 0106 1A46     		mov	r2, r3
 164 0108 FB68     		ldr	r3, [r7, #12]
 165 010a 0432     		adds	r2, r2, #4
 166 010c 53F82220 		ldr	r2, [r3, r2, lsl #2]
 167 0110 7B68     		ldr	r3, [r7, #4]
 168 0112 1B78     		ldrb	r3, [r3]	@ zero_extendqisi2
 169 0114 1946     		mov	r1, r3
 170 0116 FB7A     		ldrb	r3, [r7, #11]	@ zero_extendqisi2
 171 0118 03F00303 		and	r3, r3, #3
 172 011c DB00     		lsls	r3, r3, #3
 173 011e 01FA03F3 		lsl	r3, r1, r3
 174 0122 42EA0301 		orr	r1, r2, r3
 175 0126 FB68     		ldr	r3, [r7, #12]
 176 0128 021D     		adds	r2, r0, #4
 177 012a 43F82210 		str	r1, [r3, r2, lsl #2]
  94:/opt/XMClib/XMC_Peripheral_Library_v2.1.16/XMCLib/src/xmc4_gpio.c **** }
 178              		.loc 1 94 0
 179 012e 00BF     		nop
 180 0130 1437     		adds	r7, r7, #20
 181              	.LCFI3:
 182              		.cfi_def_cfa_offset 4
 183 0132 BD46     		mov	sp, r7
 184              	.LCFI4:
 185              		.cfi_def_cfa_register 13
 186              		@ sp needed
 187 0134 5DF8047B 		ldr	r7, [sp], #4
 188              	.LCFI5:
 189              		.cfi_restore 7
 190              		.cfi_def_cfa_offset 0
 191 0138 7047     		bx	lr
 192              	.L6:
 193 013a 00BF     		.align	2
 194              	.L5:
 195 013c 008E0248 		.word	1208126976
 196 0140 008F0248 		.word	1208127232
 197              		.cfi_endproc
 198              	.LFE138:
 200              		.section	.text.XMC_GPIO_SetOutputStrength,"ax",%progbits
 201              		.align	1
 202              		.global	XMC_GPIO_SetOutputStrength
 203              		.syntax unified
 204              		.thumb
 205              		.thumb_func
 206              		.fpu fpv4-sp-d16
 208              	XMC_GPIO_SetOutputStrength:
 209              	.LFB139:
  95:/opt/XMClib/XMC_Peripheral_Library_v2.1.16/XMCLib/src/xmc4_gpio.c **** 
  96:/opt/XMClib/XMC_Peripheral_Library_v2.1.16/XMCLib/src/xmc4_gpio.c **** void XMC_GPIO_SetOutputStrength(XMC_GPIO_PORT_t *const port, const uint8_t pin, XMC_GPIO_OUTPUT_STR
  97:/opt/XMClib/XMC_Peripheral_Library_v2.1.16/XMCLib/src/xmc4_gpio.c **** {
 210              		.loc 1 97 0
 211              		.cfi_startproc
 212              		@ args = 0, pretend = 0, frame = 8
 213              		@ frame_needed = 1, uses_anonymous_args = 0
 214              		@ link register save eliminated.
 215 0000 80B4     		push	{r7}
 216              	.LCFI6:
 217              		.cfi_def_cfa_offset 4
 218              		.cfi_offset 7, -4
 219 0002 83B0     		sub	sp, sp, #12
 220              	.LCFI7:
 221              		.cfi_def_cfa_offset 16
 222 0004 00AF     		add	r7, sp, #0
 223              	.LCFI8:
 224              		.cfi_def_cfa_register 7
 225 0006 7860     		str	r0, [r7, #4]
 226 0008 0B46     		mov	r3, r1
 227 000a FB70     		strb	r3, [r7, #3]
 228 000c 1346     		mov	r3, r2
 229 000e BB70     		strb	r3, [r7, #2]
  98:/opt/XMClib/XMC_Peripheral_Library_v2.1.16/XMCLib/src/xmc4_gpio.c ****   XMC_ASSERT("XMC_GPIO_Init: Invalid port", XMC_GPIO_CHECK_OUTPUT_PORT(port));
  99:/opt/XMClib/XMC_Peripheral_Library_v2.1.16/XMCLib/src/xmc4_gpio.c ****   XMC_ASSERT("XMC_GPIO_Init: Invalid output strength", XMC_GPIO_CHECK_OUTPUT_STRENGTH(strength));
 100:/opt/XMClib/XMC_Peripheral_Library_v2.1.16/XMCLib/src/xmc4_gpio.c **** 
 101:/opt/XMClib/XMC_Peripheral_Library_v2.1.16/XMCLib/src/xmc4_gpio.c ****   port->PDR[pin >> 3U] &= (uint32_t)~((uint32_t)PORT_PDR_Msk << ((uint32_t)PORT_PDR_Size * ((uint32
 230              		.loc 1 101 0
 231 0010 FB78     		ldrb	r3, [r7, #3]	@ zero_extendqisi2
 232 0012 DB08     		lsrs	r3, r3, #3
 233 0014 DBB2     		uxtb	r3, r3
 234 0016 1846     		mov	r0, r3
 235 0018 FB78     		ldrb	r3, [r7, #3]	@ zero_extendqisi2
 236 001a DB08     		lsrs	r3, r3, #3
 237 001c DBB2     		uxtb	r3, r3
 238 001e 1A46     		mov	r2, r3
 239 0020 7B68     		ldr	r3, [r7, #4]
 240 0022 1032     		adds	r2, r2, #16
 241 0024 53F82220 		ldr	r2, [r3, r2, lsl #2]
 242 0028 FB78     		ldrb	r3, [r7, #3]	@ zero_extendqisi2
 243 002a 03F00703 		and	r3, r3, #7
 244 002e 9B00     		lsls	r3, r3, #2
 245 0030 0721     		movs	r1, #7
 246 0032 01FA03F3 		lsl	r3, r1, r3
 247 0036 DB43     		mvns	r3, r3
 248 0038 02EA0301 		and	r1, r2, r3
 249 003c 7B68     		ldr	r3, [r7, #4]
 250 003e 00F11002 		add	r2, r0, #16
 251 0042 43F82210 		str	r1, [r3, r2, lsl #2]
 102:/opt/XMClib/XMC_Peripheral_Library_v2.1.16/XMCLib/src/xmc4_gpio.c ****   port->PDR[pin >> 3U] |= (uint32_t)strength << ((uint32_t)PORT_PDR_Size * ((uint32_t)pin & 0x7U));
 252              		.loc 1 102 0
 253 0046 FB78     		ldrb	r3, [r7, #3]	@ zero_extendqisi2
 254 0048 DB08     		lsrs	r3, r3, #3
 255 004a DBB2     		uxtb	r3, r3
 256 004c 1846     		mov	r0, r3
 257 004e FB78     		ldrb	r3, [r7, #3]	@ zero_extendqisi2
 258 0050 DB08     		lsrs	r3, r3, #3
 259 0052 DBB2     		uxtb	r3, r3
 260 0054 1A46     		mov	r2, r3
 261 0056 7B68     		ldr	r3, [r7, #4]
 262 0058 1032     		adds	r2, r2, #16
 263 005a 53F82220 		ldr	r2, [r3, r2, lsl #2]
 264 005e B978     		ldrb	r1, [r7, #2]	@ zero_extendqisi2
 265 0060 FB78     		ldrb	r3, [r7, #3]	@ zero_extendqisi2
 266 0062 03F00703 		and	r3, r3, #7
 267 0066 9B00     		lsls	r3, r3, #2
 268 0068 01FA03F3 		lsl	r3, r1, r3
 269 006c 42EA0301 		orr	r1, r2, r3
 270 0070 7B68     		ldr	r3, [r7, #4]
 271 0072 00F11002 		add	r2, r0, #16
 272 0076 43F82210 		str	r1, [r3, r2, lsl #2]
 103:/opt/XMClib/XMC_Peripheral_Library_v2.1.16/XMCLib/src/xmc4_gpio.c **** }
 273              		.loc 1 103 0
 274 007a 00BF     		nop
 275 007c 0C37     		adds	r7, r7, #12
 276              	.LCFI9:
 277              		.cfi_def_cfa_offset 4
 278 007e BD46     		mov	sp, r7
 279              	.LCFI10:
 280              		.cfi_def_cfa_register 13
 281              		@ sp needed
 282 0080 5DF8047B 		ldr	r7, [sp], #4
 283              	.LCFI11:
 284              		.cfi_restore 7
 285              		.cfi_def_cfa_offset 0
 286 0084 7047     		bx	lr
 287              		.cfi_endproc
 288              	.LFE139:
 290              		.text
 291              	.Letext0:
 292              		.file 2 "/usr/arm-none-eabi/include/machine/_default_types.h"
 293              		.file 3 "/usr/arm-none-eabi/include/sys/_stdint.h"
 294              		.file 4 "/usr/arm-none-eabi/include/sys/lock.h"
 295              		.file 5 "/usr/arm-none-eabi/include/sys/_types.h"
 296              		.file 6 "/usr/lib/gcc/arm-none-eabi/6.3.1/include/stddef.h"
 297              		.file 7 "/usr/arm-none-eabi/include/sys/reent.h"
 298              		.file 8 "/opt/XMClib/XMC_Peripheral_Library_v2.1.16/CMSIS/Include/core_cm4.h"
 299              		.file 9 "/opt/XMClib/XMC_Peripheral_Library_v2.1.16/CMSIS/Infineon/XMC4500_series/Include/system_X
 300              		.file 10 "/opt/XMClib/XMC_Peripheral_Library_v2.1.16/XMCLib/inc/xmc_gpio.h"
 301              		.file 11 "/opt/XMClib/XMC_Peripheral_Library_v2.1.16/XMCLib/inc/xmc4_gpio.h"
DEFINED SYMBOLS
                            *ABS*:0000000000000000 xmc4_gpio.c
     /tmp/ccIaw46K.s:17     .text.XMC_GPIO_Init:0000000000000000 $t
     /tmp/ccIaw46K.s:24     .text.XMC_GPIO_Init:0000000000000000 XMC_GPIO_Init
     /tmp/ccIaw46K.s:195    .text.XMC_GPIO_Init:000000000000013c $d
     /tmp/ccIaw46K.s:201    .text.XMC_GPIO_SetOutputStrength:0000000000000000 $t
     /tmp/ccIaw46K.s:208    .text.XMC_GPIO_SetOutputStrength:0000000000000000 XMC_GPIO_SetOutputStrength
                     .debug_frame:0000000000000010 $d
                           .group:0000000000000000 wm4.0.5590a0387b3547da4048f1dea7982a7f
                           .group:0000000000000000 wm4.stddef.h.39.99b5021e28f91cdb161c889e07266673
                           .group:0000000000000000 wm4._newlib_version.h.4.3572908597b70d672d181fc7fc501c19
                           .group:0000000000000000 wm4.features.h.33.863f3be0b2e521e624fcc7d6fa31d2ca
                           .group:0000000000000000 wm4._default_types.h.15.247e5cd201eca3442cbf5404108c4935
                           .group:0000000000000000 wm4._intsup.h.10.cce27fed8484c08a33f522034c30d2b5
                           .group:0000000000000000 wm4._stdint.h.10.c24fa3af3bc1706662bb5593a907e841
                           .group:0000000000000000 wm4.stdint.h.23.d53047a68f4a85177f80b422d52785ed
                           .group:0000000000000000 wm4.stdbool.h.29.07dce69c3b78884144b7f7bd19483461
                           .group:0000000000000000 wm4.newlib.h.8.5f2124c7e712be65f83b91ff86a0b1c1
                           .group:0000000000000000 wm4.config.h.219.65a553ab5bef5482f0d7880b0d33015e
                           .group:0000000000000000 wm4._ansi.h.23.9f8fcfa20193763fcf364fb91705c94b
                           .group:0000000000000000 wm4.lock.h.2.1461d1fff82dffe8bfddc23307f6484f
                           .group:0000000000000000 wm4._types.h.125.5cf8a495f1f7ef36777ad868a1e32068
                           .group:0000000000000000 wm4.stddef.h.161.5349cb105733e8777bfb0cf53c4e3f34
                           .group:0000000000000000 wm4._types.h.183.c226d164ceca1f2ecb9ae9360c54a098
                           .group:0000000000000000 wm4.reent.h.17.23b059516345f8f5abfa01ddc379570f
                           .group:0000000000000000 wm4.cdefs.h.47.776a25dae4205bae6cce27d545bc475b
                           .group:0000000000000000 wm4.string.h.15.dab3980bf35408a4c507182805e2de3a
                           .group:0000000000000000 wm4.stddef.h.161.19e15733342b50ead2919490b095303e
                           .group:0000000000000000 wm4.xmc_device.h.61.ba2d082e12f51240746cffdd60d42b81
                           .group:0000000000000000 wm4.XMC4500.h.55.9aa45b9b5790506b2dcb963e4e7adeaf
                           .group:0000000000000000 wm4.core_cm4.h.32.6c6eb1c8daeca23ce7ba79c8e8120d52
                           .group:0000000000000000 wm4.cmsis_gcc.h.26.91b63349961c35637933e4fba51b867b
                           .group:0000000000000000 wm4.core_cm4.h.172.fdd5a388a160bb6ff767b7d7ee212268
                           .group:0000000000000000 wm4.system_XMC4500.h.42.99124977c10ca8844a71949adbeabd70
                           .group:0000000000000000 wm4.XMC4500.h.208.b340195df97f067735c4c769ba59985a
                           .group:0000000000000000 wm4.xmc_device.h.1460.8860499b404961ffcfbb8d1fefcb2146
                           .group:0000000000000000 wm4.xmc_common.h.92.3f4336a80569affab05a81145b87c2fc
                           .group:0000000000000000 wm4.xmc_gpio.h.97.fa6a2e1be6030a75d960293cc3bbbd6b
                           .group:0000000000000000 wm4.xmc4_gpio_map.h.74.66e9110cf801b78826ef5354da51c32f
                           .group:0000000000000000 wm4.xmc4_gpio.h.79.ce6c49508b5a7769c66e7e3c21dcdfe4

NO UNDEFINED SYMBOLS
