-------------------------------------------------------------------
Timestamp: 2018-1-25
Number of guessed Characters (last time): 0 (0%)
Number of tries: 0
-------------------------------------------------------------------
Timestamp: 2018-1-25
Number of guessed Characters (last time): 2 (100%)
Number of tries: 484
-------------------------------------------------------------------
Timestamp: 2018-1-25
Number of guessed Characters (last time): 2 (100%)
Number of tries: 283
-------------------------------------------------------------------
Timestamp: 2018-1-25
Number of guessed Characters (last time): 0 (0%)
Number of tries: 2
-------------------------------------------------------------------
Timestamp: 2018-1-25
Number of guessed Characters (last time): 2 (100%)
Number of tries: 436
-------------------------------------------------------------------
Timestamp: 2018-1-25
Number of guessed Characters (last time): 1 (100%)
Number of tries: 118
-------------------------------------------------------------------
Timestamp: 2018-1-25
Number of guessed Characters (last time): 1 (100%)
Number of tries: 268
-------------------------------------------------------------------
Timestamp: 2018-1-25
Number of guessed Characters (last time): 1 (100%)
Number of tries: 112
-------------------------------------------------------------------
Timestamp: 2018-1-25
Number of guessed Characters (last time): 1 (100%)
Number of tries: 238
-------------------------------------------------------------------
Timestamp: 2018-1-25
Number of guessed Characters (last time): 0 (0%)
Number of tries: 35
-------------------------------------------------------------------
Timestamp: 2018-1-25
Number of guessed Characters (last time): 0 (0%)
Number of tries: 0
-------------------------------------------------------------------
Timestamp: 2018-1-25
Number of guessed Characters (last time): 2 (16.6667%)
Number of tries: 940
-------------------------------------------------------------------
Timestamp: 2018-1-25
Number of guessed Characters (last time): 3 (100%)
Number of tries: 652
-------------------------------------------------------------------
Timestamp: 2018-1-25
Number of guessed Characters (last time): 0 (-nan%)
Number of tries: 0
-------------------------------------------------------------------
Timestamp: 2018-1-25
Number of guessed Characters (last time): 7 (70%)
Number of tries: 2778
-------------------------------------------------------------------
Timestamp: 2018-1-26
Number of guessed Characters (last time): 0 (0%)
Number of tries: 123
-------------------------------------------------------------------
Timestamp: 2018-1-26
Number of guessed Characters (last time): 0 (0%)
Number of tries: 123
-------------------------------------------------------------------
Timestamp: 2018-1-26
Number of guessed Characters (last time): 2 (11.1111%)
Number of tries: 457
-------------------------------------------------------------------
Timestamp: 2018-1-26
Number of guessed Characters (last time): 0 (0%)
Number of tries: 240
-------------------------------------------------------------------
Timestamp: 2018-1-26
Number of guessed Characters (last time): 1 (33.3333%)
Number of tries: 799
-------------------------------------------------------------------
Timestamp: 2018-1-26
Number of guessed Characters (last time): 1 (33.3333%)
Number of tries: 240
-------------------------------------------------------------------
Timestamp: 2018-1-26
Number of guessed Characters (last time): 3 (100%)
Number of tries: 637
-------------------------------------------------------------------
Timestamp: 2018-1-26
Number of guessed Characters (last time): 3 (15%)
Number of tries: 4488
-------------------------------------------------------------------
Timestamp: 2018-1-29
Number of guessed Characters (last time): 2 (11.1111%)
Number of tries: 570
-------------------------------------------------------------------
Timestamp: 2018-1-29
Number of guessed Characters (last time): 5 (33.3333%)
Number of tries: 1304
-------------------------------------------------------------------
Timestamp: 2018-1-29
Number of guessed Characters (last time): 12 (100%)
Number of tries: 2788
-------------------------------------------------------------------
Timestamp: 2018-1-29
Number of guessed Characters (last time): 13 (100%)
Number of tries: 1056
-------------------------------------------------------------------
Timestamp: 2018-1-29
Number of guessed Characters (last time): 0 (0%)
Number of tries: 0
-------------------------------------------------------------------
Timestamp: 2018-1-29
Number of guessed Characters (last time): 0 (0%)
Number of tries: 0
-------------------------------------------------------------------
Timestamp: 2018-1-29
Number of guessed Characters (last time): 0 (0%)
Number of tries: 32
-------------------------------------------------------------------
Timestamp: 2018-1-29
Number of guessed Characters (last time): 10 (100%)
Number of tries: 778
-------------------------------------------------------------------
Timestamp: 2018-1-29
Number of guessed Characters (last time): 0 (0%)
Number of tries: 4
-------------------------------------------------------------------
Timestamp: 2018-1-29
Number of guessed Characters (last time): 0 (0%)
Number of tries: 1396
-------------------------------------------------------------------
Timestamp: 2018-1-29
Number of guessed Characters (last time): 0 (0%)
Number of tries: 0
-------------------------------------------------------------------
Timestamp: 2018-1-29
Number of guessed Characters (last time): 0 (-nan%)
Number of tries: 2
-------------------------------------------------------------------
Timestamp: 2018-1-29
Number of guessed Characters (last time): 0 (0%)
Number of tries: 2267
-------------------------------------------------------------------
Timestamp: 2018-1-29
Number of guessed Characters (last time): 0 (0%)
Number of tries: 757
-------------------------------------------------------------------
Timestamp: 2018-1-29
Number of guessed Characters (last time): 0 (0%)
Number of tries: 4
-------------------------------------------------------------------
Timestamp: 2018-1-29
Number of guessed Characters (last time): 0 (0%)
Number of tries: 2270
-------------------------------------------------------------------
Timestamp: 2018-1-29
Number of guessed Characters (last time): 0 (0%)
Number of tries: 2276
-------------------------------------------------------------------
Timestamp: 2018-1-29
Number of guessed Characters (last time): 0 (0%)
Number of tries: 306
-------------------------------------------------------------------
Timestamp: 2018-1-29
Number of guessed Characters (last time): 0 (0%)
Number of tries: 4
-------------------------------------------------------------------
Timestamp: 2018-1-29
Number of guessed Characters (last time): 0 (0%)
Number of tries: 4
-------------------------------------------------------------------
Timestamp: 2018-1-29
Number of guessed Characters (last time): 1 (33.3333%)
Number of tries: 9167
-------------------------------------------------------------------
Timestamp: 2018-1-29
Number of guessed Characters (last time): 0 (0%)
Number of tries: 59
-------------------------------------------------------------------
Timestamp: 2018-1-29
Number of guessed Characters (last time): 0 (0%)
Number of tries: 10
-------------------------------------------------------------------
Timestamp: 2018-1-29
Number of guessed Characters (last time): 1 (33.3333%)
Number of tries: 1114
-------------------------------------------------------------------
Timestamp: 2018-1-29
Number of guessed Characters (last time): 0 (0%)
Number of tries: 12
-------------------------------------------------------------------
Timestamp: 2018-1-29
Number of guessed Characters (last time): 0 (0%)
Number of tries: 1123
-------------------------------------------------------------------
Timestamp: 2018-1-29
Number of guessed Characters (last time): 0 (0%)
Number of tries: 305
-------------------------------------------------------------------
Timestamp: 2018-1-29
Number of guessed Characters (last time): 0 (0%)
Number of tries: 0
-------------------------------------------------------------------
Timestamp: 2018-1-29
Number of guessed Characters (last time): 0 (0%)
Number of tries: 1247
-------------------------------------------------------------------
Timestamp: 2018-1-29
Number of guessed Characters (last time): 2 (18.1818%)
Number of tries: 1564
-------------------------------------------------------------------
Timestamp: 2018-1-29
Number of guessed Characters (last time): 0 (0%)
Number of tries: 5
-------------------------------------------------------------------
Timestamp: 2018-1-29
Number of guessed Characters (last time): 3 (21.4286%)
Number of tries: 769
-------------------------------------------------------------------
Timestamp: 2018-1-29
Number of guessed Characters (last time): 1 (6.66667%)
Number of tries: 606
-------------------------------------------------------------------
Timestamp: 2018-1-29
Number of guessed Characters (last time): 1 (10%)
Number of tries: 273
-------------------------------------------------------------------
Timestamp: 2018-1-29
Number of guessed Characters (last time): 16 (100%)
Number of tries: 1632
-------------------------------------------------------------------
Timestamp: 2018-1-30
Number of guessed Characters (last time): 11 (100%)
Number of tries: 916
-------------------------------------------------------------------
Timestamp: 2018-1-30
Number of guessed Characters (last time): 1 (5.55556%)
Number of tries: 317
-------------------------------------------------------------------
Timestamp: 2018-1-30
Number of guessed Characters (last time): 10 (76.9231%)
Number of tries: 1794
-------------------------------------------------------------------
Timestamp: 2018-1-30
Number of guessed Characters (last time): 9 (90%)
Number of tries: 937
-------------------------------------------------------------------
Timestamp: 2018-1-30
Number of guessed Characters (last time): 0 (0%)
Number of tries: 4
-------------------------------------------------------------------
Timestamp: 2018-1-30
Number of guessed Characters (last time): 0 (0%)
Number of tries: 0
-------------------------------------------------------------------
Timestamp: 2018-1-30
Number of guessed Characters (last time): 0 (0%)
Number of tries: 0
-------------------------------------------------------------------
Timestamp: 2018-1-30
Number of guessed Characters (last time): 0 (0%)
Number of tries: 0
-------------------------------------------------------------------
Timestamp: 2018-1-30
Number of guessed Characters (last time): 0 (0%)
Number of tries: 0
-------------------------------------------------------------------
Timestamp: 2018-1-30
Number of guessed Characters (last time): 0 (0%)
Number of tries: 0
-------------------------------------------------------------------
Timestamp: 2018-1-30
Number of guessed Characters (last time): 0 (0%)
Number of tries: 0
